{"C:\\Users\\Acer\\Documents\\Harkirat Course\\Course\\assignments-master\\week-3\\02-jwt\\index.js": {"path":"C:\\Users\\Acer\\Documents\\Harkirat Course\\Course\\assignments-master\\week-3\\02-jwt\\index.js","statementMap":{"0":{"start":{"line":1,"column":12},"end":{"line":1,"column":35}},"1":{"start":{"line":2,"column":12},"end":{"line":2,"column":26}},"2":{"start":{"line":4,"column":20},"end":{"line":4,"column":28}},"3":{"start":{"line":10,"column":19},"end":{"line":13,"column":2}},"4":{"start":{"line":27,"column":2},"end":{"line":37,"column":3}},"5":{"start":{"line":29,"column":4},"end":{"line":29,"column":45}},"6":{"start":{"line":32,"column":18},"end":{"line":32,"column":53}},"7":{"start":{"line":33,"column":4},"end":{"line":33,"column":17}},"8":{"start":{"line":36,"column":4},"end":{"line":36,"column":16}},"9":{"start":{"line":49,"column":2},"end":{"line":54,"column":3}},"10":{"start":{"line":50,"column":4},"end":{"line":50,"column":35}},"11":{"start":{"line":51,"column":4},"end":{"line":51,"column":16}},"12":{"start":{"line":53,"column":4},"end":{"line":53,"column":17}},"13":{"start":{"line":65,"column":2},"end":{"line":71,"column":3}},"14":{"start":{"line":66,"column":20},"end":{"line":66,"column":37}},"15":{"start":{"line":67,"column":21},"end":{"line":67,"column":37}},"16":{"start":{"line":68,"column":4},"end":{"line":68,"column":15}},"17":{"start":{"line":70,"column":4},"end":{"line":70,"column":17}},"18":{"start":{"line":74,"column":0},"end":{"line":79,"column":2}}},"fnMap":{"0":{"name":"signJwt","decl":{"start":{"line":26,"column":9},"end":{"line":26,"column":16}},"loc":{"start":{"line":26,"column":37},"end":{"line":38,"column":1}},"line":26},"1":{"name":"verifyJwt","decl":{"start":{"line":48,"column":9},"end":{"line":48,"column":18}},"loc":{"start":{"line":48,"column":26},"end":{"line":55,"column":1}},"line":48},"2":{"name":"decodeJwt","decl":{"start":{"line":64,"column":9},"end":{"line":64,"column":18}},"loc":{"start":{"line":64,"column":26},"end":{"line":72,"column":1}},"line":64}},"branchMap":{},"s":{"0":1,"1":1,"2":1,"3":1,"4":3,"5":3,"6":1,"7":1,"8":2,"9":3,"10":3,"11":1,"12":2,"13":3,"14":3,"15":3,"16":2,"17":1,"18":1},"f":{"0":3,"1":3,"2":3},"b":{},"_coverageSchema":"1a1c01bbd47fc00a2c39e90264f33305004495a9","hash":"03c0f66fb62cca9c14d75ed000e41ec6336375f1"}
}
